<?xml version="1.0" encoding="UTF-8"?>
<!-- Generated by org.testng.reporters.JUnitReportReporter -->
<testsuite hostname="DESKTOP-66R0KAS" failures="0" tests="2" name="tests.GetAndPostExamples" time="3.311" errors="0" timestamp="2024-05-10T07:52:05 IST" skipped="0">
  <testcase classname="tests.GetAndPostExamples" name="testPost" time="0.004"/>
  <system-out/>
  <testcase classname="tests.GetAndPostExamples" name="testGet" time="3.307"/>
  <system-out/>
</testsuite> <!-- tests.GetAndPostExamples -->
