<?xml version="1.0" encoding="UTF-8"?>
<!-- Generated by org.testng.reporters.JUnitReportReporter -->
<testsuite hostname="DESKTOP-66R0KAS" failures="0" tests="2" name="tests.TestsExample" time="3.477" errors="0" timestamp="2024-05-10T07:17:28 IST" skipped="0">
  <testcase classname="tests.TestsExample" name="test" time="2.600"/>
  <system-out/>
  <testcase classname="tests.TestsExample" name="test_2" time="0.877"/>
  <system-out/>
</testsuite> <!-- tests.TestsExample -->
